<?xml version="1.0" encoding="UTF-8"?>
<!-- Generated by org.testng.reporters.JUnitReportReporter -->
<testsuite hostname="LAPTOP-P69IVOIF" failures="0" tests="1" name="com.nopcommerce.testCases.TC_LoginTest_001" time="8.542" errors="0" timestamp="2021-07-11T15:05:29 EDT" skipped="0">
  <testcase classname="com.nopcommerce.testCases.TC_LoginTest_001" name="LoginTest" time="8.542"/>
  <system-out/>
</testsuite> <!-- com.nopcommerce.testCases.TC_LoginTest_001 -->
