<?xml version="1.0" encoding="UTF-8"?>
<!-- Generated by org.testng.reporters.JUnitReportReporter -->
<testsuite skipped="0" hostname="LAPTOP-P69IVOIF" name="com.nopcommerce.testCases.TC_LoginTest_001" tests="1" failures="0" timestamp="2021-07-12T18:34:45 EDT" time="8.587" errors="0">
  <testcase name="LoginTest" time="8.587" classname="com.nopcommerce.testCases.TC_LoginTest_001"/>
  <system-out/>
</testsuite> <!-- com.nopcommerce.testCases.TC_LoginTest_001 -->
